当前工作目录: /nfsshare/home/yejiaqi/minbert-default-final-project
total 2567196
-rw-rw-r-- 1 yejiaqi yejiaqi     364857 5月  26 15:26 254953_minbert_classifier_err
-rw-rw-r-- 1 yejiaqi yejiaqi       3505 5月  26 15:26 254953_minbert_classifier_out
-rw-rw-r-- 1 yejiaqi yejiaqi       9745 5月  24 16:52 base_bert.py
drwxrwxr-x 2 yejiaqi yejiaqi       4096 5月  24 13:56 bert-base-uncased
-rw-rw-r-- 1 yejiaqi yejiaqi      12134 5月  24 16:52 bert.py
-rw-rw-r-- 1 yejiaqi yejiaqi 1314017605 5月  26 14:53 cfimdb-classifier.pt
-rw-rw-r-- 1 yejiaqi yejiaqi      15711 5月  24 17:52 classifier.py
-rw-rw-r-- 1 yejiaqi yejiaqi       9079 5月  24 16:55 config.py
drwxrwxr-x 2 yejiaqi yejiaqi       4096 5月  24 00:57 data
-rw-rw-r-- 1 yejiaqi yejiaqi      11559 5月  24 16:55 datasets.py
-rw-rw-r-- 1 yejiaqi yejiaqi      13045 5月  24 16:55 evaluation.py
-rw-rw-r-- 1 yejiaqi yejiaqi         73 6月  12 13:54 %J.out
-rw-rw-r-- 1 yejiaqi yejiaqi      11621 5月  24 16:55 LICENSE
drwxrwxr-x 2 yejiaqi yejiaqi       4096 5月  24 21:05 logs
-rw-rw-r-- 1 yejiaqi yejiaqi       9800 5月  24 16:55 multitask_classifier.py
-rw-rw-r-- 1 yejiaqi yejiaqi       4296 5月  24 16:55 optimizer.py
-rw-rw-r-- 1 yejiaqi yejiaqi        152 5月  24 16:55 optimizer_test.npy
-rw-rw-r-- 1 yejiaqi yejiaqi        895 5月  24 16:55 optimizer_test.py
drwxrwxr-x 2 yejiaqi yejiaqi       4096 5月  24 16:55 predictions
-rw-rw-r-- 1 yejiaqi yejiaqi        339 5月  24 21:22 prepare_cluster.sh
-rw-rw-r-- 1 yejiaqi yejiaqi        571 5月  24 16:55 prepare_submit.py
drwxrwxr-x 2 yejiaqi yejiaqi       4096 5月  24 17:52 __pycache__
-rw-rw-r-- 1 yejiaqi yejiaqi       1768 5月  24 16:55 README.md
-rw-rw-r-- 1 yejiaqi yejiaqi      56385 5月  24 16:55 sanity_check.data
-rw-rw-r-- 1 yejiaqi yejiaqi        965 5月  24 16:55 sanity_check.py
-rw-rw-r-- 1 yejiaqi yejiaqi        396 5月  24 16:55 setup.sh
-rw-rw-r-- 1 yejiaqi yejiaqi 1314044813 5月  26 14:30 sst-classifier.pt
-rw-rw-r-- 1 yejiaqi yejiaqi       4853 5月  24 17:00 STRUCTURE.md
-rw-rw-r-- 1 yejiaqi yejiaqi     106968 5月  24 17:00 tokenizer.py
-rw-rw-r-- 1 yejiaqi yejiaqi      12445 5月  24 17:52 utils.py
当前工作目录: /nfsshare/home/yejiaqi/minbert-default-final-project
total 2567204
-rw-rw-r-- 1 yejiaqi yejiaqi       2246 Jun 12 13:59 %J.out
-rw-rw-r-- 1 yejiaqi yejiaqi     364857 May 26 15:26 254953_minbert_classifier_err
-rw-rw-r-- 1 yejiaqi yejiaqi       3505 May 26 15:26 254953_minbert_classifier_out
-rw-rw-r-- 1 yejiaqi yejiaqi        237 Jun 12 13:54 257154_minbert_classifier_err
-rw-rw-r-- 1 yejiaqi yejiaqi       2234 Jun 12 13:54 257154_minbert_classifier_out
-rw-rw-r-- 1 yejiaqi yejiaqi      11621 May 24 16:55 LICENSE
-rw-rw-r-- 1 yejiaqi yejiaqi       1768 May 24 16:55 README.md
-rw-rw-r-- 1 yejiaqi yejiaqi       4853 May 24 17:00 STRUCTURE.md
drwxrwxr-x 2 yejiaqi yejiaqi       4096 May 24 17:52 __pycache__
-rw-rw-r-- 1 yejiaqi yejiaqi       9745 May 24 16:52 base_bert.py
drwxrwxr-x 2 yejiaqi yejiaqi       4096 May 24 13:56 bert-base-uncased
-rw-rw-r-- 1 yejiaqi yejiaqi      12134 May 24 16:52 bert.py
-rw-rw-r-- 1 yejiaqi yejiaqi 1314017605 May 26 14:53 cfimdb-classifier.pt
-rw-rw-r-- 1 yejiaqi yejiaqi      15711 May 24 17:52 classifier.py
-rw-rw-r-- 1 yejiaqi yejiaqi       9079 May 24 16:55 config.py
drwxrwxr-x 2 yejiaqi yejiaqi       4096 May 24 00:57 data
-rw-rw-r-- 1 yejiaqi yejiaqi      11559 May 24 16:55 datasets.py
-rw-rw-r-- 1 yejiaqi yejiaqi      13045 May 24 16:55 evaluation.py
drwxrwxr-x 2 yejiaqi yejiaqi       4096 May 24 21:05 logs
-rw-rw-r-- 1 yejiaqi yejiaqi       9800 May 24 16:55 multitask_classifier.py
-rw-rw-r-- 1 yejiaqi yejiaqi       4296 May 24 16:55 optimizer.py
-rw-rw-r-- 1 yejiaqi yejiaqi        152 May 24 16:55 optimizer_test.npy
-rw-rw-r-- 1 yejiaqi yejiaqi        895 May 24 16:55 optimizer_test.py
drwxrwxr-x 2 yejiaqi yejiaqi       4096 May 24 16:55 predictions
-rw-rw-r-- 1 yejiaqi yejiaqi        339 May 24 21:22 prepare_cluster.sh
-rw-rw-r-- 1 yejiaqi yejiaqi        571 May 24 16:55 prepare_submit.py
-rw-rw-r-- 1 yejiaqi yejiaqi      56385 May 24 16:55 sanity_check.data
-rw-rw-r-- 1 yejiaqi yejiaqi        965 May 24 16:55 sanity_check.py
-rw-rw-r-- 1 yejiaqi yejiaqi        396 May 24 16:55 setup.sh
-rw-rw-r-- 1 yejiaqi yejiaqi 1314044813 May 26 14:30 sst-classifier.pt
-rw-rw-r-- 1 yejiaqi yejiaqi     106968 May 24 17:00 tokenizer.py
-rw-rw-r-- 1 yejiaqi yejiaqi      12445 May 24 17:52 utils.py
